Arguments: 
  C:\Program Files\nodejs\node.exe C:\Users\Adam\AppData\Roaming\npm\node_modules\yarn\bin\yarn.js add @types/styled-components

PATH: 
  C:\Users\Adam\bin;C:\Program Files\Git\mingw64\bin;C:\Program Files\Git\usr\local\bin;C:\Program Files\Git\usr\bin;C:\Program Files\Git\usr\bin;C:\Program Files\Git\mingw64\bin;C:\Program Files\Git\usr\bin;C:\Users\Adam\bin;C:\Program Files\Python39\Scripts;C:\Program Files\Python39;C:\Windows\system32;C:\Windows;C:\Windows\System32\Wbem;C:\Windows\System32\WindowsPowerShell\v1.0;C:\Windows\System32\OpenSSH;C:\Program Files (x86)\NVIDIA Corporation\PhysX\Common;C:\Program Files\NVIDIA Corporation\NVIDIA NvDLISR;C:\Program Files\Git\cmd;C:\Program Files\nodejs;C:\Users\Adam\AppData\Local\Microsoft\WindowsApps;C:\Users\Adam\AppData\Local\Programs\Microsoft VS Code\bin;C:\Users\Adam\AppData\Local\Programs\Fiddler;C:\Users\Adam\AppData\Roaming\npm;C:\Program Files\Git\usr\bin\vendor_perl;C:\Program Files\Git\usr\bin\core_perl

Yarn version: 
  1.22.10

Node version: 
  16.14.2

Platform: 
  win32 x64

Trace: 
  Error: EPERM: operation not permitted, unlink 'D:\git\doskhoev\my-first-gatsby-site\node_modules\@parcel\fs-search\fs-search.win32-x64-msvc.node'

npm manifest: 
  {
    "name": "my-first-gatsby-site",
    "version": "1.0.0",
    "private": true,
    "description": "my-first-gatsby-site",
    "author": "Adam Doskhoev",
    "keywords": [
      "gatsby"
    ],
    "scripts": {
      "develop": "gatsby develop",
      "start": "gatsby develop",
      "build": "gatsby build",
      "serve": "gatsby serve",
      "clean": "gatsby clean",
      "typecheck": "tsc --noEmit"
    },
    "dependencies": {
      "@mdx-js/mdx": "^1.6.22",
      "@mdx-js/react": "^1.6.22",
      "babel-plugin-styled-components": "^2.0.7",
      "gatsby": "^4.13.0",
      "gatsby-plugin-mdx": "^3.13.0",
      "gatsby-plugin-styled-components": "^5.13.0",
      "gatsby-source-filesystem": "^4.13.0",
      "react": "^17.0.1",
      "react-dom": "^17.0.1",
      "styled-components": "^5.3.5"
    },
    "devDependencies": {
      "@types/node": "^17.0.26",
      "@types/react": "^17.0.44",
      "@types/react-dom": "^17.0.15",
      "typescript": "^4.6.3"
    }
  }

yarn manifest: 
  No manifest

Lockfile: 
  No lockfile
